docker-netscanner
[master 075a3c1] automatic pre latest image built commit
 2 files changed, 20 insertions(+), 18 deletions(-)
using 2024-11-19-24f3f9c
Sending build context to Docker daemon  239.1kB
Step 1/9 : FROM ubuntu:24.04
 ---> fec8bfd95b54
Step 2/9 : ENV DEBIAN_FRONTEND=noninteractive
 ---> Using cache
 ---> 1696b2a27c5a
Step 3/9 : ENV TZ=Europe/Vienna
 ---> Using cache
 ---> 3c8aeeaf96d2
Step 4/9 : RUN apt update && apt install --no-install-recommends -y     tzdata     python3-setuptools     python3-pip     python3     python3-scapy     python3-prometheus-client
 ---> Using cache
 ---> 49784024845f
Step 5/9 : WORKDIR /usr/src/app
 ---> Using cache
 ---> 3604d8871770
Step 6/9 : RUN pip3 freeze
 ---> Using cache
 ---> 03cfd714fdfe
Step 7/9 : COPY build/main.py /usr/src/app/main.py
 ---> Using cache
 ---> 27cd7a8cef10
Step 8/9 : RUN apt -y purge python3-pip python3-setuptools;     apt -y autoremove;     apt -y clean;
 ---> Using cache
 ---> 4aa4aaff0531
Step 9/9 : CMD ["python3", "-u", "/usr/src/app/main.py"]
 ---> Using cache
 ---> 4eaa4817e1ad
Successfully built 4eaa4817e1ad
Successfully tagged registry.messner.click/gunny26/docker-netscanner:2024-11-19-24f3f9c
